Number of parameters: Description of model: sgd, batchflip: 1/3 hflip 1/3 reflection random crop, 1/3 nothing, dropout 0.2, learning rate decrease by 2 factor every 5 epochs46974
 The criterion is: CrossEntropyCriterion
 optim function: sgdbatchSize: 32
Epoch 1: 
Training error: 0.58254641485275 Training Loss: 1.670504315829
Test error: 0.48697916666667 Test Loss: 1.3931216725554
Epoch 2: 
Training error: 0.44130121638924 Training Loss: 1.261143529003
Test error: 0.39252804487179 Test Loss: 1.1118730321909
Epoch 4: 
Training error: 0.35773447503201 Training Loss: 1.0325108479217
Test error: 0.36658653846154 Test Loss: 1.0764492507546
Epoch 5: 
Training error: 0.32818501920615 Training Loss: 0.95221032578112
Test error: 0.3252203525641 Test Loss: 0.93556375295306
Epoch 6: 
Training error: 0.29705505761844 Training Loss: 0.86248677083686
Test error: 0.28245192307692 Test Loss: 0.8191075258148
Epoch 7: 
Training error: 0.28679177336748 Training Loss: 0.83423823927185
Test error: 0.26382211538462 Test Loss: 0.76897966326811
Epoch 8: 
Training error: 0.2789492637644 Training Loss: 0.81620352273561
Test error: 0.26121794871795 Test Loss: 0.76044523945222
Epoch 9: 
Training error: 0.269326184379 Training Loss: 0.79110847972572
Test error: 0.25480769230769 Test Loss: 0.73108088311094
Epoch 11: 
Training error: 0.24807938540333 Training Loss: 0.72899116942046
Test error: 0.23838141025641 Test Loss: 0.69694686098359
Epoch 12: 
Training error: 0.2448183418694 Training Loss: 0.718835363124
Test error: 0.22355769230769 Test Loss: 0.65839735676463
Epoch 14: 
Training error: 0.23947663252241 Training Loss: 0.70135752547642
Test error: 0.22285657051282 Test Loss: 0.66614051822286
Epoch 15: 
Training error: 0.23479513444302 Training Loss: 0.69418638999957
Test error: 0.22255608974359 Test Loss: 0.65311302970617
Epoch 16: 
Training error: 0.22749279769526 Training Loss: 0.67130931804527
Test error: 0.21153846153846 Test Loss: 0.63701019865962
Epoch 17: 
Training error: 0.22483194622279 Training Loss: 0.66150634292222
Test error: 0.21113782051282 Test Loss: 0.62861093157568
Epoch 18: 
Training error: 0.22211107554417 Training Loss: 0.65624003057939
Test error: 0.20883413461538 Test Loss: 0.61913403529578
Epoch 22: 
Training error: 0.21370838668374 Training Loss: 0.6335317158306
Test error: 0.2060296474359 Test Loss: 0.61356167786588
Epoch 23: 
Training error: 0.21436859795134 Training Loss: 0.632259495232
Test error: 0.20472756410256 Test Loss: 0.61061419126315
Epoch 24: 
Training error: 0.2128681177977 Training Loss: 0.62822994537337
Test error: 0.20432692307692 Test Loss: 0.60991079708896
Epoch 25: 
Training error: 0.20946702944942 Training Loss: 0.62678250695237
Test error: 0.20182291666667 Test Loss: 0.60647506190416
Epoch 30: 
Training error: 0.2053857234315 Training Loss: 0.61146325987219
Test error: 0.19901842948718 Test Loss: 0.59678726614668
Epoch 40: 
Training error: 0.20478553137004 Training Loss: 0.60346834793706
Test error: 0.19871794871795 Test Loss: 0.59523315570102
Epoch 56: 
Training error: 0.20254481434059 Training Loss: 0.60027263057865
Test error: 0.19711538461538 Test Loss: 0.59493754699062
Epoch 102: 
Training error: 0.20356514084507 Training Loss: 0.60477696588113
Test error: 0.19701522435897 Test Loss: 0.59345466395219
Epoch 493: 
Training error: 0.20256482074264 Training Loss: 0.59961974606509
Test error: 0.19671474358974 Test Loss: 0.59468291389445
